[0423/143535.827:ERROR:crash_report_database_win.cc(428)] unexpected header
[0423/155705.003:ERROR:process_memory_win.cc(73)] ReadMemory at 0x7ff73fbc0000 of 64 bytes failed: Only part of a ReadProcessMemory or WriteProcessMemory request was completed. (0x12B)
[0423/155705.140:WARNING:pe_image_reader.cc(340)] could not read dos header from C:\Program Files (x86)\Google\Chrome\Application\chrome.exe
[0423/155705.140:ERROR:process_memory_win.cc(73)] ReadMemory at 0x7ffd5d630000 of 64 bytes failed: Only part of a ReadProcessMemory or WriteProcessMemory request was completed. (0x12B)
[0423/155705.140:WARNING:pe_image_reader.cc(340)] could not read dos header from C:\WINDOWS\SYSTEM32\ntdll.dll
[0423/155705.140:ERROR:process_memory_win.cc(73)] ReadMemory at 0x7ffd5ae80000 of 64 bytes failed: Only part of a ReadProcessMemory or WriteProcessMemory request was completed. (0x12B)
[0423/155705.140:WARNING:pe_image_reader.cc(340)] could not read dos header from C:\WINDOWS\system32\KERNEL32.DLL
[0423/155705.140:ERROR:process_memory_win.cc(73)] ReadMemory at 0x7ffd5a830000 of 64 bytes failed: Only part of a ReadProcessMemory or WriteProcessMemory request was completed. (0x12B)
[0423/155705.140:WARNING:pe_image_reader.cc(340)] could not read dos header from C:\WINDOWS\system32\KERNELBASE.dll
[0423/155705.140:ERROR:process_memory_win.cc(73)] ReadMemory at 0x7ffd4b1b0000 of 64 bytes failed: Only part of a ReadProcessMemory or WriteProcessMemory request was completed. (0x12B)
[0423/155705.140:WARNING:pe_image_reader.cc(340)] could not read dos header from C:\Program Files (x86)\Google\Chrome\Application\73.0.3683.103\chrome_elf.dll
[0423/155705.141:ERROR:process_memory_win.cc(73)] ReadMemory at 0x7ffd5b2d0000 of 64 bytes failed: Only part of a ReadProcessMemory or WriteProcessMemory request was completed. (0x12B)
[0423/155705.141:WARNING:pe_image_reader.cc(340)] could not read dos header from C:\WINDOWS\system32\SHELL32.dll
[0423/155705.141:ERROR:process_memory_win.cc(73)] ReadMemory at 0x7ffd5ad30000 of 64 bytes failed: Only part of a ReadProcessMemory or WriteProcessMemory request was completed. (0x12B)
[0423/155705.141:WARNING:pe_image_reader.cc(340)] could not read dos header from C:\WINDOWS\system32\ADVAPI32.dll
[0423/155705.141:ERROR:process_memory_win.cc(73)] ReadMemory at 0x7ffd5c8c0000 of 64 bytes failed: Only part of a ReadProcessMemory or WriteProcessMemory request was completed. (0x12B)
[0423/155705.141:WARNING:pe_image_reader.cc(340)] could not read dos header from C:\WINDOWS\system32\USER32.dll
[0423/155705.141:ERROR:process_memory_win.cc(73)] ReadMemory at 0x7ffd52060000 of 64 bytes failed: Only part of a ReadProcessMemory or WriteProcessMemory request was completed. (0x12B)
[0423/155705.141:WARNING:pe_image_reader.cc(340)] could not read dos header from C:\WINDOWS\SYSTEM32\VERSION.dll
[0423/155705.141:ERROR:process_memory_win.cc(73)] ReadMemory at 0x7ffd5ae20000 of 64 bytes failed: Only part of a ReadProcessMemory or WriteProcessMemory request was completed. (0x12B)
[0423/155705.141:WARNING:pe_image_reader.cc(340)] could not read dos header from C:\WINDOWS\system32\SHLWAPI.dll
[0423/155705.141:ERROR:process_memory_win.cc(73)] ReadMemory at 0x7ffd535d0000 of 64 bytes failed: Only part of a ReadProcessMemory or WriteProcessMemory request was completed. (0x12B)
[0423/155705.141:WARNING:pe_image_reader.cc(340)] could not read dos header from C:\WINDOWS\SYSTEM32\WINMM.dll
[0423/155705.141:ERROR:process_memory_win.cc(73)] ReadMemory at 0x7ffd59be0000 of 64 bytes failed: Only part of a ReadProcessMemory or WriteProcessMemory request was completed. (0x12B)
[0423/155705.141:WARNING:pe_image_reader.cc(340)] could not read dos header from C:\WINDOWS\SYSTEM32\USERENV.dll
[0423/155705.141:ERROR:process_memory_win.cc(73)] ReadMemory at 0x7ffd5cc60000 of 64 bytes failed: Only part of a ReadProcessMemory or WriteProcessMemory request was completed. (0x12B)
[0423/155705.141:WARNING:pe_image_reader.cc(340)] could not read dos header from C:\WINDOWS\system32\msvcrt.dll
[0423/155705.141:ERROR:process_memory_win.cc(73)] ReadMemory at 0x7ffd5d420000 of 64 bytes failed: Only part of a ReadProcessMemory or WriteProcessMemory request was completed. (0x12B)
[0423/155705.141:WARNING:pe_image_reader.cc(340)] could not read dos header from C:\WINDOWS\SYSTEM32\combase.dll
[0423/155705.141:ERROR:process_memory_win.cc(73)] ReadMemory at 0x7ffd5b180000 of 64 bytes failed: Only part of a ReadProcessMemory or WriteProcessMemory request was completed. (0x12B)
[0423/155705.141:WARNING:pe_image_reader.cc(340)] could not read dos header from C:\WINDOWS\system32\GDI32.dll
[0423/155705.141:ERROR:process_memory_win.cc(73)] ReadMemory at 0x7ffd5b120000 of 64 bytes failed: Only part of a ReadProcessMemory or WriteProcessMemory request was completed. (0x12B)
[0423/155705.141:WARNING:pe_image_reader.cc(340)] could not read dos header from C:\WINDOWS\SYSTEM32\sechost.dll
[0423/155705.141:ERROR:process_memory_win.cc(73)] ReadMemory at 0x7ffd5cd10000 of 64 bytes failed: Only part of a ReadProcessMemory or WriteProcessMemory request was completed. (0x12B)
[0423/155705.141:WARNING:pe_image_reader.cc(340)] could not read dos header from C:\WINDOWS\system32\RPCRT4.dll
[0423/155705.141:ERROR:process_memory_win.cc(73)] ReadMemory at 0x7ffd535a0000 of 64 bytes failed: Only part of a ReadProcessMemory or WriteProcessMemory request was completed. (0x12B)
[0423/155705.141:WARNING:pe_image_reader.cc(340)] could not read dos header from C:\WINDOWS\SYSTEM32\WINMMBASE.dll
[0423/155705.141:ERROR:process_memory_win.cc(73)] ReadMemory at 0x7ffd5a760000 of 64 bytes failed: Only part of a ReadProcessMemory or WriteProcessMemory request was completed. (0x12B)
[0423/155705.142:WARNING:pe_image_reader.cc(340)] could not read dos header from C:\WINDOWS\SYSTEM32\profapi.dll
[0423/155705.142:ERROR:process_memory_win.cc(73)] ReadMemory at 0x7ffd5ac40000 of 64 bytes failed: Only part of a ReadProcessMemory or WriteProcessMemory request was completed. (0x12B)
[0423/155705.142:WARNING:pe_image_reader.cc(340)] could not read dos header from C:\WINDOWS\system32\SspiCli.dll
[0423/155705.142:ERROR:process_memory_win.cc(73)] ReadMemory at 0x7ffd5ac70000 of 64 bytes failed: Only part of a ReadProcessMemory or WriteProcessMemory request was completed. (0x12B)
[0423/155705.142:WARNING:pe_image_reader.cc(340)] could not read dos header from C:\WINDOWS\SYSTEM32\cfgmgr32.dll
[0423/155705.142:ERROR:process_memory_win.cc(73)] ReadMemory at 0x7ffd59580000 of 64 bytes failed: Only part of a ReadProcessMemory or WriteProcessMemory request was completed. (0x12B)
[0423/155705.142:WARNING:pe_image_reader.cc(340)] could not read dos header from C:\WINDOWS\SYSTEM32\DEVOBJ.dll
[0423/155705.142:ERROR:process_memory_win.cc(73)] ReadMemory at 0x7ffd5a5d0000 of 64 bytes failed: Only part of a ReadProcessMemory or WriteProcessMemory request was completed. (0x12B)
[0423/155705.142:WARNING:pe_image_reader.cc(340)] could not read dos header from C:\WINDOWS\SYSTEM32\CRYPTBASE.DLL
[0423/155705.142:ERROR:process_memory_win.cc(73)] ReadMemory at 0x7ffd5a560000 of 64 bytes failed: Only part of a ReadProcessMemory or WriteProcessMemory request was completed. (0x12B)
[0423/155705.142:WARNING:pe_image_reader.cc(340)] could not read dos header from C:\WINDOWS\SYSTEM32\bcryptPrimitives.dll
[0423/155705.142:ERROR:process_memory_win.cc(73)] ReadMemory at 0x7ffd5ade0000 of 64 bytes failed: Only part of a ReadProcessMemory or WriteProcessMemory request was completed. (0x12B)
[0423/155705.142:WARNING:pe_image_reader.cc(340)] could not read dos header from C:\WINDOWS\system32\IMM32.DLL
[0423/155705.142:ERROR:process_memory_win.cc(73)] ReadMemory at 0xc6c9440000 of 64 bytes failed: Only part of a ReadProcessMemory or WriteProcessMemory request was completed. (0x12B)
[0423/155705.142:WARNING:pe_image_reader.cc(340)] could not read dos header from C:\WINDOWS\system32\MSCTF.dll
[0423/155705.142:ERROR:process_memory_win.cc(73)] ReadMemory at 0x7ffd57700000 of 64 bytes failed: Only part of a ReadProcessMemory or WriteProcessMemory request was completed. (0x12B)
[0423/155705.142:WARNING:pe_image_reader.cc(340)] could not read dos header from C:\WINDOWS\SYSTEM32\shcore.dll
[0423/155705.142:ERROR:process_memory_win.cc(73)] ReadMemory at 0x7ffd30280000 of 64 bytes failed: Only part of a ReadProcessMemory or WriteProcessMemory request was completed. (0x12B)
[0423/155705.142:WARNING:pe_image_reader.cc(340)] could not read dos header from C:\Program Files (x86)\Google\Chrome\Application\73.0.3683.103\chrome_child.dll
[0423/155705.142:ERROR:process_memory_win.cc(73)] ReadMemory at 0x7ffd5d3c0000 of 64 bytes failed: Only part of a ReadProcessMemory or WriteProcessMemory request was completed. (0x12B)
[0423/155705.142:WARNING:pe_image_reader.cc(340)] could not read dos header from C:\WINDOWS\system32\WS2_32.dll
[0423/155705.142:ERROR:process_memory_win.cc(73)] ReadMemory at 0x7ffd55760000 of 64 bytes failed: Only part of a ReadProcessMemory or WriteProcessMemory request was completed. (0x12B)
[0423/155705.142:WARNING:pe_image_reader.cc(340)] could not read dos header from C:\WINDOWS\SYSTEM32\IPHLPAPI.DLL
[0423/155705.142:ERROR:process_memory_win.cc(73)] ReadMemory at 0x7ffd5ca50000 of 64 bytes failed: Only part of a ReadProcessMemory or WriteProcessMemory request was completed. (0x12B)
[0423/155705.142:WARNING:pe_image_reader.cc(340)] could not read dos header from C:\WINDOWS\system32\ole32.dll
[0423/155705.142:ERROR:process_memory_win.cc(73)] ReadMemory at 0x7ffd5ce50000 of 64 bytes failed: Only part of a ReadProcessMemory or WriteProcessMemory request was completed. (0x12B)
[0423/155705.142:WARNING:pe_image_reader.cc(340)] could not read dos header from C:\WINDOWS\system32\OLEAUT32.dll
[0423/155705.142:ERROR:process_memory_win.cc(73)] ReadMemory at 0x7ffd56670000 of 64 bytes failed: Only part of a ReadProcessMemory or WriteProcessMemory request was completed. (0x12B)
[0423/155705.143:WARNING:pe_image_reader.cc(340)] could not read dos header from C:\WINDOWS\SYSTEM32\OLEACC.dll
[0423/155705.143:ERROR:process_memory_win.cc(73)] ReadMemory at 0x7ffd5a950000 of 64 bytes failed: Only part of a ReadProcessMemory or WriteProcessMemory request was completed. (0x12B)
[0423/155705.143:WARNING:pe_image_reader.cc(340)] could not read dos header from C:\WINDOWS\system32\WINTRUST.dll
[0423/155705.143:ERROR:process_memory_win.cc(73)] ReadMemory at 0x7ffd5aa60000 of 64 bytes failed: Only part of a ReadProcessMemory or WriteProcessMemory request was completed. (0x12B)
[0423/155705.143:WARNING:pe_image_reader.cc(340)] could not read dos header from C:\WINDOWS\system32\CRYPT32.dll
[0423/155705.143:ERROR:process_memory_win.cc(73)] ReadMemory at 0x7ffd56790000 of 64 bytes failed: Only part of a ReadProcessMemory or WriteProcessMemory request was completed. (0x12B)
[0423/155705.143:WARNING:pe_image_reader.cc(340)] could not read dos header from C:\WINDOWS\SYSTEM32\DWrite.dll
[0423/155705.143:ERROR:process_memory_win.cc(73)] ReadMemory at 0x7ffd58bd0000 of 64 bytes failed: Only part of a ReadProcessMemory or WriteProcessMemory request was completed. (0x12B)
[0423/155705.143:WARNING:pe_image_reader.cc(340)] could not read dos header from C:\WINDOWS\SYSTEM32\dxgi.dll
[0423/155705.143:ERROR:process_memory_win.cc(73)] ReadMemory at 0x7ffd53870000 of 64 bytes failed: Only part of a ReadProcessMemory or WriteProcessMemory request was completed. (0x12B)
[0423/155705.143:WARNING:pe_image_reader.cc(340)] could not read dos header from C:\WINDOWS\SYSTEM32\WINSPOOL.DRV
[0423/155705.143:ERROR:process_memory_win.cc(73)] ReadMemory at 0x7ffd52070000 of 64 bytes failed: Only part of a ReadProcessMemory or WriteProcessMemory request was completed. (0x12B)
[0423/155705.143:WARNING:pe_image_reader.cc(340)] could not read dos header from C:\WINDOWS\SYSTEM32\dbghelp.dll
[0423/155705.143:ERROR:process_memory_win.cc(73)] ReadMemory at 0x7ffd501f0000 of 64 bytes failed: Only part of a ReadProcessMemory or WriteProcessMemory request was completed. (0x12B)
[0423/155705.143:WARNING:pe_image_reader.cc(340)] could not read dos header from C:\WINDOWS\SYSTEM32\USP10.dll
[0423/155705.143:ERROR:process_memory_win.cc(73)] ReadMemory at 0x7ffd5d120000 of 64 bytes failed: Only part of a ReadProcessMemory or WriteProcessMemory request was completed. (0x12B)
[0423/155705.143:WARNING:pe_image_reader.cc(340)] could not read dos header from C:\WINDOWS\system32\COMDLG32.dll
[0423/155705.143:ERROR:process_memory_win.cc(73)] ReadMemory at 0x7ffd531f0000 of 64 bytes failed: Only part of a ReadProcessMemory or WriteProcessMemory request was completed. (0x12B)
[0423/155705.143:WARNING:pe_image_reader.cc(340)] could not read dos header from C:\WINDOWS\SYSTEM32\WINHTTP.dll
[0423/155705.143:ERROR:process_memory_win.cc(73)] ReadMemory at 0x7ffd545c0000 of 64 bytes failed: Only part of a ReadProcessMemory or WriteProcessMemory request was completed. (0x12B)
[0423/155705.143:WARNING:pe_image_reader.cc(340)] could not read dos header from C:\WINDOWS\SYSTEM32\urlmon.dll
[0423/155705.143:ERROR:process_memory_win.cc(73)] ReadMemory at 0x7ffd51d20000 of 64 bytes failed: Only part of a ReadProcessMemory or WriteProcessMemory request was completed. (0x12B)
[0423/155705.143:WARNING:pe_image_reader.cc(340)] could not read dos header from C:\WINDOWS\SYSTEM32\Secur32.dll
[0423/155705.143:ERROR:process_memory_win.cc(73)] ReadMemory at 0x7ffd555d0000 of 64 bytes failed: Only part of a ReadProcessMemory or WriteProcessMemory request was completed. (0x12B)
[0423/155705.143:WARNING:pe_image_reader.cc(340)] could not read dos header from C:\WINDOWS\SYSTEM32\dhcpcsvc.DLL
[0423/155705.143:ERROR:process_memory_win.cc(73)] ReadMemory at 0x7ffd5cc50000 of 64 bytes failed: Only part of a ReadProcessMemory or WriteProcessMemory request was completed. (0x12B)
[0423/155705.143:WARNING:pe_image_reader.cc(340)] could not read dos header from C:\WINDOWS\system32\NSI.dll
[0423/155705.143:ERROR:process_memory_win.cc(73)] ReadMemory at 0x7ffd55740000 of 64 bytes failed: Only part of a ReadProcessMemory or WriteProcessMemory request was completed. (0x12B)
[0423/155705.144:WARNING:pe_image_reader.cc(340)] could not read dos header from C:\WINDOWS\SYSTEM32\WINNSI.DLL
[0423/155705.144:ERROR:process_memory_win.cc(73)] ReadMemory at 0x7ffd5a810000 of 64 bytes failed: Only part of a ReadProcessMemory or WriteProcessMemory request was completed. (0x12B)
[0423/155705.144:WARNING:pe_image_reader.cc(340)] could not read dos header from C:\WINDOWS\system32\MSASN1.dll
[0423/155705.144:ERROR:process_memory_win.cc(73)] ReadMemory at 0x7ffd56db0000 of 64 bytes failed: Only part of a ReadProcessMemory or WriteProcessMemory request was completed. (0x12B)
[0423/155705.144:WARNING:pe_image_reader.cc(340)] could not read dos header from C:\WINDOWS\WinSxS\amd64_microsoft.windows.common-controls_6595b64144ccf1df_6.0.9600.18006_none_623f33d3ecbe86e8\COMCTL32.dll
[0423/155705.144:ERROR:process_memory_win.cc(73)] ReadMemory at 0x7ffd542f0000 of 64 bytes failed: Only part of a ReadProcessMemory or WriteProcessMemory request was completed. (0x12B)
[0423/155705.144:WARNING:pe_image_reader.cc(340)] could not read dos header from C:\WINDOWS\SYSTEM32\iertutil.dll
[0423/155705.144:ERROR:process_memory_win.cc(73)] ReadMemory at 0x7ffd53e40000 of 64 bytes failed: Only part of a ReadProcessMemory or WriteProcessMemory request was completed. (0x12B)
[0423/155705.144:WARNING:pe_image_reader.cc(340)] could not read dos header from C:\WINDOWS\SYSTEM32\WININET.dll
[0423/155705.253:ERROR:process_memory_win.cc(73)] ReadMemory at 0xc6c8d94000 of 49152 bytes failed: Only part of a ReadProcessMemory or WriteProcessMemory request was completed. (0x12B)
[0423/155705.253:ERROR:process_memory_win.cc(73)] ReadMemory at 0xc6cb40e000 of 8192 bytes failed: Only part of a ReadProcessMemory or WriteProcessMemory request was completed. (0x12B)
[0423/155705.253:ERROR:process_memory_win.cc(73)] ReadMemory at 0xc6cb60c000 of 16384 bytes failed: Only part of a ReadProcessMemory or WriteProcessMemory request was completed. (0x12B)
[0423/155705.253:ERROR:process_memory_win.cc(73)] ReadMemory at 0xc6cb806000 of 40960 bytes failed: Only part of a ReadProcessMemory or WriteProcessMemory request was completed. (0x12B)
[0423/155705.253:ERROR:process_memory_win.cc(73)] ReadMemory at 0xc6cba0e000 of 8192 bytes failed: Only part of a ReadProcessMemory or WriteProcessMemory request was completed. (0x12B)
[0423/155705.253:ERROR:process_memory_win.cc(73)] ReadMemory at 0xc6cbc0e000 of 8192 bytes failed: Only part of a ReadProcessMemory or WriteProcessMemory request was completed. (0x12B)
[0423/155705.253:ERROR:process_memory_win.cc(73)] ReadMemory at 0xc6cbe0d000 of 12288 bytes failed: Only part of a ReadProcessMemory or WriteProcessMemory request was completed. (0x12B)
[0423/155705.253:ERROR:process_memory_win.cc(73)] ReadMemory at 0xc6cc00e000 of 8192 bytes failed: Only part of a ReadProcessMemory or WriteProcessMemory request was completed. (0x12B)
[0423/155705.254:ERROR:process_memory_win.cc(73)] ReadMemory at 0xc6cc20d000 of 12288 bytes failed: Only part of a ReadProcessMemory or WriteProcessMemory request was completed. (0x12B)
[0423/155705.254:ERROR:process_memory_win.cc(73)] ReadMemory at 0xc6cc60c000 of 16384 bytes failed: Only part of a ReadProcessMemory or WriteProcessMemory request was completed. (0x12B)
[0423/155705.254:ERROR:process_memory_win.cc(73)] ReadMemory at 0xc6cc80e000 of 8192 bytes failed: Only part of a ReadProcessMemory or WriteProcessMemory request was completed. (0x12B)
[0423/155705.254:ERROR:process_memory_win.cc(73)] ReadMemory at 0xc6cca0e000 of 8192 bytes failed: Only part of a ReadProcessMemory or WriteProcessMemory request was completed. (0x12B)
[0423/155705.255:ERROR:process_memory_win.cc(73)] ReadMemory at 0xc6ccc0e000 of 8192 bytes failed: Only part of a ReadProcessMemory or WriteProcessMemory request was completed. (0x12B)
[0423/155705.255:ERROR:process_memory_win.cc(73)] ReadMemory at 0xc6cd5bc000 of 16384 bytes failed: Only part of a ReadProcessMemory or WriteProcessMemory request was completed. (0x12B)
[0423/155705.255:ERROR:process_memory_win.cc(73)] ReadMemory at 0xc6cdabc000 of 16384 bytes failed: Only part of a ReadProcessMemory or WriteProcessMemory request was completed. (0x12B)
[0423/155705.255:ERROR:process_memory_win.cc(73)] ReadMemory at 0xc6cd8be000 of 8192 bytes failed: Only part of a ReadProcessMemory or WriteProcessMemory request was completed. (0x12B)
[0423/155705.255:ERROR:process_memory_win.cc(73)] ReadMemory at 0xc6c8e90750 of 62 bytes failed: Only part of a ReadProcessMemory or WriteProcessMemory request was completed. (0x12B)
[0423/155705.255:ERROR:process_memory_win.cc(73)] ReadMemory at 0xc6c8e907d0 of 58 bytes failed: Only part of a ReadProcessMemory or WriteProcessMemory request was completed. (0x12B)
[0423/155705.256:ERROR:process_memory_win.cc(73)] ReadMemory at 0xc6c8e90860 of 16614 bytes failed: Only part of a ReadProcessMemory or WriteProcessMemory request was completed. (0x12B)
[0423/155705.256:ERROR:process_memory_win.cc(73)] ReadMemory at 0xc6c8e94950 of 1012 bytes failed: Only part of a ReadProcessMemory or WriteProcessMemory request was completed. (0x12B)
[0423/155705.256:ERROR:process_memory_win.cc(73)] ReadMemory at 0xc6c8e94f68 of 118 bytes failed: Only part of a ReadProcessMemory or WriteProcessMemory request was completed. (0x12B)
[0423/155705.256:ERROR:process_memory_win.cc(73)] ReadMemory at 0xc6c8e94fe0 of 1038 bytes failed: Only part of a ReadProcessMemory or WriteProcessMemory request was completed. (0x12B)
[0423/155705.256:ERROR:process_memory_win.cc(73)] ReadMemory at 0xc6c8e953f0 of 118 bytes failed: Only part of a ReadProcessMemory or WriteProcessMemory request was completed. (0x12B)
[0423/155705.256:ERROR:process_memory_win.cc(73)] ReadMemory at 0xc6c8e95468 of 96 bytes failed: Only part of a ReadProcessMemory or WriteProcessMemory request was completed. (0x12B)
[0423/155705.256:ERROR:process_memory_win.cc(73)] ReadMemory at 0xc6c8e954e0 of 58 bytes failed: Only part of a ReadProcessMemory or WriteProcessMemory request was completed. (0x12B)
[0423/155705.256:ERROR:process_memory_win.cc(73)] ReadMemory at 0xc6c8e955e0 of 132 bytes failed: Only part of a ReadProcessMemory or WriteProcessMemory request was completed. (0x12B)
[0423/155705.256:ERROR:process_memory_win.cc(73)] ReadMemory at 0xc6c8e95760 of 132 bytes failed: Only part of a ReadProcessMemory or WriteProcessMemory request was completed. (0x12B)
[0423/155705.257:ERROR:process_memory_win.cc(73)] ReadMemory at 0xc6c8e95970 of 126 bytes failed: Only part of a ReadProcessMemory or WriteProcessMemory request was completed. (0x12B)
[0423/155705.257:ERROR:process_memory_win.cc(73)] ReadMemory at 0xc6c8e95c60 of 64 bytes failed: Only part of a ReadProcessMemory or WriteProcessMemory request was completed. (0x12B)
[0423/155705.257:ERROR:process_memory_win.cc(73)] ReadMemory at 0xc6c8e95cb0 of 132 bytes failed: Only part of a ReadProcessMemory or WriteProcessMemory request was completed. (0x12B)
[0423/155705.257:ERROR:process_memory_win.cc(73)] ReadMemory at 0xc6c8e95e30 of 154 bytes failed: Only part of a ReadProcessMemory or WriteProcessMemory request was completed. (0x12B)
[0423/155705.257:ERROR:process_memory_win.cc(73)] ReadMemory at 0xc6c8e95ee0 of 132 bytes failed: Only part of a ReadProcessMemory or WriteProcessMemory request was completed. (0x12B)
[0423/155705.257:ERROR:process_memory_win.cc(73)] ReadMemory at 0xc6c8e96020 of 68 bytes failed: Only part of a ReadProcessMemory or WriteProcessMemory request was completed. (0x12B)
[0423/155705.257:ERROR:process_memory_win.cc(73)] ReadMemory at 0xc6c8e96070 of 132 bytes failed: Only part of a ReadProcessMemory or WriteProcessMemory request was completed. (0x12B)
[0423/155705.258:ERROR:process_memory_win.cc(73)] ReadMemory at 0xc6c8e97030 of 62 bytes failed: Only part of a ReadProcessMemory or WriteProcessMemory request was completed. (0x12B)
[0423/155705.261:ERROR:process_memory_win.cc(73)] ReadMemory at 0xc6c8e97080 of 132 bytes failed: Only part of a ReadProcessMemory or WriteProcessMemory request was completed. (0x12B)
[0423/155705.262:ERROR:process_memory_win.cc(73)] ReadMemory at 0xc6c8e97290 of 64 bytes failed: Only part of a ReadProcessMemory or WriteProcessMemory request was completed. (0x12B)
[0423/155705.262:ERROR:process_memory_win.cc(73)] ReadMemory at 0xc6c8e972e0 of 132 bytes failed: Only part of a ReadProcessMemory or WriteProcessMemory request was completed. (0x12B)
[0423/155705.262:ERROR:process_memory_win.cc(73)] ReadMemory at 0xc6c8e974f0 of 60 bytes failed: Only part of a ReadProcessMemory or WriteProcessMemory request was completed. (0x12B)
[0423/155705.263:ERROR:process_memory_win.cc(73)] ReadMemory at 0xc6c8e97540 of 132 bytes failed: Only part of a ReadProcessMemory or WriteProcessMemory request was completed. (0x12B)
[0423/155705.263:ERROR:process_memory_win.cc(73)] ReadMemory at 0xc6c8e97820 of 62 bytes failed: Only part of a ReadProcessMemory or WriteProcessMemory request was completed. (0x12B)
[0423/155705.263:ERROR:process_memory_win.cc(73)] ReadMemory at 0xc6c8e97870 of 132 bytes failed: Only part of a ReadProcessMemory or WriteProcessMemory request was completed. (0x12B)
[0423/155705.263:ERROR:process_memory_win.cc(73)] ReadMemory at 0xc6c8e97d90 of 132 bytes failed: Only part of a ReadProcessMemory or WriteProcessMemory request was completed. (0x12B)
[0423/155705.263:ERROR:process_memory_win.cc(73)] ReadMemory at 0xc6c8e9ac10 of 132 bytes failed: Only part of a ReadProcessMemory or WriteProcessMemory request was completed. (0x12B)
[0423/155705.264:ERROR:process_memory_win.cc(73)] ReadMemory at 0xc6c8e9b610 of 62 bytes failed: Only part of a ReadProcessMemory or WriteProcessMemory request was completed. (0x12B)
[0423/155705.264:ERROR:process_memory_win.cc(73)] ReadMemory at 0xc6c8e9b660 of 132 bytes failed: Only part of a ReadProcessMemory or WriteProcessMemory request was completed. (0x12B)
[0423/155705.264:ERROR:process_memory_win.cc(73)] ReadMemory at 0xc6c8e9bbb0 of 60 bytes failed: Only part of a ReadProcessMemory or WriteProcessMemory request was completed. (0x12B)
[0423/155705.264:ERROR:process_memory_win.cc(73)] ReadMemory at 0xc6c8e9c1f0 of 132 bytes failed: Only part of a ReadProcessMemory or WriteProcessMemory request was completed. (0x12B)
[0423/155705.265:ERROR:process_memory_win.cc(73)] ReadMemory at 0xc6c8e9c400 of 58 bytes failed: Only part of a ReadProcessMemory or WriteProcessMemory request was completed. (0x12B)
[0423/155705.265:ERROR:process_memory_win.cc(73)] ReadMemory at 0xc6c8e9c4a0 of 62 bytes failed: Only part of a ReadProcessMemory or WriteProcessMemory request was completed. (0x12B)
[0423/155705.265:ERROR:process_memory_win.cc(73)] ReadMemory at 0xc6c8e9c5e0 of 60 bytes failed: Only part of a ReadProcessMemory or WriteProcessMemory request was completed. (0x12B)
[0423/155705.265:ERROR:process_memory_win.cc(73)] ReadMemory at 0xc6c8e9c630 of 62 bytes failed: Only part of a ReadProcessMemory or WriteProcessMemory request was completed. (0x12B)
[0423/155705.266:ERROR:process_memory_win.cc(73)] ReadMemory at 0xc6c8e9c6d0 of 66 bytes failed: Only part of a ReadProcessMemory or WriteProcessMemory request was completed. (0x12B)
[0423/155705.266:ERROR:process_memory_win.cc(73)] ReadMemory at 0xc6c8e9c720 of 58 bytes failed: Only part of a ReadProcessMemory or WriteProcessMemory request was completed. (0x12B)
[0423/155705.266:ERROR:process_memory_win.cc(73)] ReadMemory at 0xc6c8e9c810 of 64 bytes failed: Only part of a ReadProcessMemory or WriteProcessMemory request was completed. (0x12B)
[0423/155705.266:ERROR:process_memory_win.cc(73)] ReadMemory at 0xc6c8e9c860 of 60 bytes failed: Only part of a ReadProcessMemory or WriteProcessMemory request was completed. (0x12B)
[0423/155705.267:ERROR:process_memory_win.cc(73)] ReadMemory at 0xc6c8e9c900 of 58 bytes failed: Only part of a ReadProcessMemory or WriteProcessMemory request was completed. (0x12B)
[0423/155705.267:ERROR:process_memory_win.cc(73)] ReadMemory at 0xc6c8e9c9a0 of 66 bytes failed: Only part of a ReadProcessMemory or WriteProcessMemory request was completed. (0x12B)
[0423/155705.267:ERROR:process_memory_win.cc(73)] ReadMemory at 0xc6c8e9c9f0 of 62 bytes failed: Only part of a ReadProcessMemory or WriteProcessMemory request was completed. (0x12B)
[0423/155705.267:ERROR:process_memory_win.cc(73)] ReadMemory at 0xc6c8e9ca40 of 62 bytes failed: Only part of a ReadProcessMemory or WriteProcessMemory request was completed. (0x12B)
[0423/155705.267:ERROR:process_memory_win.cc(73)] ReadMemory at 0xc6c8e9cb20 of 132 bytes failed: Only part of a ReadProcessMemory or WriteProcessMemory request was completed. (0x12B)
[0423/155705.267:ERROR:process_memory_win.cc(73)] ReadMemory at 0xc6c8e9ccd0 of 132 bytes failed: Only part of a ReadProcessMemory or WriteProcessMemory request was completed. (0x12B)
[0423/155705.267:ERROR:process_memory_win.cc(73)] ReadMemory at 0xc6c8e9d200 of 158 bytes failed: Only part of a ReadProcessMemory or WriteProcessMemory request was completed. (0x12B)
[0423/155705.267:ERROR:process_memory_win.cc(73)] ReadMemory at 0xc6c8e9d2c0 of 132 bytes failed: Only part of a ReadProcessMemory or WriteProcessMemory request was completed. (0x12B)
[0423/155705.268:ERROR:process_memory_win.cc(73)] ReadMemory at 0xc6c8e9d3e0 of 132 bytes failed: Only part of a ReadProcessMemory or WriteProcessMemory request was completed. (0x12B)
[0423/155705.268:ERROR:process_memory_win.cc(73)] ReadMemory at 0xc6c8e9d8c0 of 132 bytes failed: Only part of a ReadProcessMemory or WriteProcessMemory request was completed. (0x12B)
[0423/155705.268:ERROR:process_memory_win.cc(73)] ReadMemory at 0xc6c8e9d9e0 of 132 bytes failed: Only part of a ReadProcessMemory or WriteProcessMemory request was completed. (0x12B)
[0423/155705.268:ERROR:process_memory_win.cc(73)] ReadMemory at 0xc6c8e9db00 of 132 bytes failed: Only part of a ReadProcessMemory or WriteProcessMemory request was completed. (0x12B)
[0423/155705.268:ERROR:process_memory_win.cc(73)] ReadMemory at 0xc6c8e9dc20 of 132 bytes failed: Only part of a ReadProcessMemory or WriteProcessMemory request was completed. (0x12B)
[0423/155705.268:ERROR:process_memory_win.cc(73)] ReadMemory at 0xc6c8e9dd40 of 132 bytes failed: Only part of a ReadProcessMemory or WriteProcessMemory request was completed. (0x12B)
[0423/155705.268:ERROR:process_memory_win.cc(73)] ReadMemory at 0xc6c8e9de60 of 132 bytes failed: Only part of a ReadProcessMemory or WriteProcessMemory request was completed. (0x12B)
[0423/155705.268:ERROR:process_memory_win.cc(73)] ReadMemory at 0xc6c8e9df80 of 132 bytes failed: Only part of a ReadProcessMemory or WriteProcessMemory request was completed. (0x12B)
[0423/155705.269:ERROR:process_memory_win.cc(73)] ReadMemory at 0xc6c8e9e0a0 of 132 bytes failed: Only part of a ReadProcessMemory or WriteProcessMemory request was completed. (0x12B)
[0423/155705.269:ERROR:process_memory_win.cc(73)] ReadMemory at 0xc6c8e9e1c0 of 132 bytes failed: Only part of a ReadProcessMemory or WriteProcessMemory request was completed. (0x12B)
[0423/155705.269:ERROR:process_memory_win.cc(73)] ReadMemory at 0xc6c8e9e2e0 of 132 bytes failed: Only part of a ReadProcessMemory or WriteProcessMemory request was completed. (0x12B)
[0423/155705.269:ERROR:process_memory_win.cc(73)] ReadMemory at 0xc6c8e9e400 of 132 bytes failed: Only part of a ReadProcessMemory or WriteProcessMemory request was completed. (0x12B)
[0423/155705.269:ERROR:process_memory_win.cc(73)] ReadMemory at 0xc6c8e9e520 of 132 bytes failed: Only part of a ReadProcessMemory or WriteProcessMemory request was completed. (0x12B)
[0423/155705.269:ERROR:process_memory_win.cc(73)] ReadMemory at 0xc6c8e9e640 of 132 bytes failed: Only part of a ReadProcessMemory or WriteProcessMemory request was completed. (0x12B)
[0423/155705.269:ERROR:process_memory_win.cc(73)] ReadMemory at 0xc6c8e9eb30 of 54 bytes failed: Only part of a ReadProcessMemory or WriteProcessMemory request was completed. (0x12B)
[0423/155705.269:ERROR:process_memory_win.cc(73)] ReadMemory at 0xc6c8e9fc70 of 80 bytes failed: Only part of a ReadProcessMemory or WriteProcessMemory request was completed. (0x12B)
[0423/155705.270:ERROR:process_memory_win.cc(73)] ReadMemory at 0xc6c8ea2620 of 60 bytes failed: Only part of a ReadProcessMemory or WriteProcessMemory request was completed. (0x12B)
[0423/155705.270:ERROR:process_memory_win.cc(73)] ReadMemory at 0xc6c8ea2670 of 62 bytes failed: Only part of a ReadProcessMemory or WriteProcessMemory request was completed. (0x12B)
[0423/155705.270:ERROR:process_memory_win.cc(73)] ReadMemory at 0xc6c8ea26c0 of 56 bytes failed: Only part of a ReadProcessMemory or WriteProcessMemory request was completed. (0x12B)
[0423/155705.270:ERROR:process_memory_win.cc(73)] ReadMemory at 0xc6c8ea2710 of 60 bytes failed: Only part of a ReadProcessMemory or WriteProcessMemory request was completed. (0x12B)
[0423/155705.270:ERROR:process_memory_win.cc(73)] ReadMemory at 0xc6c8ea2760 of 64 bytes failed: Only part of a ReadProcessMemory or WriteProcessMemory request was completed. (0x12B)
[0423/155705.270:ERROR:process_memory_win.cc(73)] ReadMemory at 0xc6c8ea28f0 of 64 bytes failed: Only part of a ReadProcessMemory or WriteProcessMemory request was completed. (0x12B)
[0423/155705.270:ERROR:process_memory_win.cc(73)] ReadMemory at 0xc6c8ea2990 of 62 bytes failed: Only part of a ReadProcessMemory or WriteProcessMemory request was completed. (0x12B)
[0423/155705.270:ERROR:process_memory_win.cc(73)] ReadMemory at 0xc6c8ea2a30 of 64 bytes failed: Only part of a ReadProcessMemory or WriteProcessMemory request was completed. (0x12B)
[0423/155705.271:ERROR:process_memory_win.cc(73)] ReadMemory at 0xc6c8ea2ad0 of 60 bytes failed: Only part of a ReadProcessMemory or WriteProcessMemory request was completed. (0x12B)
[0423/155705.271:ERROR:process_memory_win.cc(73)] ReadMemory at 0xc6c8ea2b70 of 60 bytes failed: Only part of a ReadProcessMemory or WriteProcessMemory request was completed. (0x12B)
[0423/155705.271:ERROR:process_memory_win.cc(73)] ReadMemory at 0xc6c8ea2bc0 of 64 bytes failed: Only part of a ReadProcessMemory or WriteProcessMemory request was completed. (0x12B)
[0423/155705.271:ERROR:process_memory_win.cc(73)] ReadMemory at 0xc6c8ea2d50 of 58 bytes failed: Only part of a ReadProcessMemory or WriteProcessMemory request was completed. (0x12B)
[0423/155705.271:ERROR:process_memory_win.cc(73)] ReadMemory at 0xc6c8ea2e90 of 64 bytes failed: Only part of a ReadProcessMemory or WriteProcessMemory request was completed. (0x12B)
[0423/155705.271:ERROR:process_memory_win.cc(73)] ReadMemory at 0xc6c8ea2ee0 of 64 bytes failed: Only part of a ReadProcessMemory or WriteProcessMemory request was completed. (0x12B)
[0423/155705.271:ERROR:process_memory_win.cc(73)] ReadMemory at 0xc6c8ea2f30 of 64 bytes failed: Only part of a ReadProcessMemory or WriteProcessMemory request was completed. (0x12B)
[0423/155705.337:ERROR:process_memory_win.cc(73)] ReadMemory at 0xc6c8ea3020 of 62 bytes failed: Only part of a ReadProcessMemory or WriteProcessMemory request was completed. (0x12B)
[0423/155705.338:ERROR:process_memory_win.cc(73)] ReadMemory at 0xc6c8ea3110 of 58 bytes failed: Only part of a ReadProcessMemory or WriteProcessMemory request was completed. (0x12B)
[0423/155705.338:ERROR:process_memory_win.cc(73)] ReadMemory at 0xc6c8ea31b0 of 60 bytes failed: Only part of a ReadProcessMemory or WriteProcessMemory request was completed. (0x12B)
[0423/155705.338:ERROR:process_memory_win.cc(73)] ReadMemory at 0xc6c8ea32a0 of 62 bytes failed: Only part of a ReadProcessMemory or WriteProcessMemory request was completed. (0x12B)
[0423/155705.338:ERROR:process_memory_win.cc(73)] ReadMemory at 0xc6c8ea32f0 of 62 bytes failed: Only part of a ReadProcessMemory or WriteProcessMemory request was completed. (0x12B)
[0423/155705.338:ERROR:process_memory_win.cc(73)] ReadMemory at 0xc6c8ea3390 of 60 bytes failed: Only part of a ReadProcessMemory or WriteProcessMemory request was completed. (0x12B)
[0423/155705.338:ERROR:process_memory_win.cc(73)] ReadMemory at 0xc6c8ea33e0 of 60 bytes failed: Only part of a ReadProcessMemory or WriteProcessMemory request was completed. (0x12B)
[0423/155705.338:ERROR:process_memory_win.cc(73)] ReadMemory at 0xc6c8ea6190 of 248 bytes failed: Only part of a ReadProcessMemory or WriteProcessMemory request was completed. (0x12B)
[0423/155705.339:ERROR:process_memory_win.cc(73)] ReadMemory at 0xc6c8ea9120 of 132 bytes failed: Only part of a ReadProcessMemory or WriteProcessMemory request was completed. (0x12B)
[0423/155705.339:ERROR:process_memory_win.cc(73)] ReadMemory at 0xc6c8ea9240 of 132 bytes failed: Only part of a ReadProcessMemory or WriteProcessMemory request was completed. (0x12B)
[0423/155705.339:ERROR:process_memory_win.cc(73)] ReadMemory at 0xc6c8ea9360 of 132 bytes failed: Only part of a ReadProcessMemory or WriteProcessMemory request was completed. (0x12B)
[0423/155705.339:ERROR:process_memory_win.cc(73)] ReadMemory at 0xc6c8ea9480 of 132 bytes failed: Only part of a ReadProcessMemory or WriteProcessMemory request was completed. (0x12B)
[0423/155705.339:ERROR:process_memory_win.cc(73)] ReadMemory at 0xc6c8ea95a0 of 132 bytes failed: Only part of a ReadProcessMemory or WriteProcessMemory request was completed. (0x12B)
[0423/155705.339:ERROR:process_memory_win.cc(73)] ReadMemory at 0xc6c8ea96c0 of 132 bytes failed: Only part of a ReadProcessMemory or WriteProcessMemory request was completed. (0x12B)
[0423/155705.339:ERROR:process_memory_win.cc(73)] ReadMemory at 0xc6c8ea97e0 of 132 bytes failed: Only part of a ReadProcessMemory or WriteProcessMemory request was completed. (0x12B)
[0423/155705.340:ERROR:process_memory_win.cc(73)] ReadMemory at 0xc6c8ea9900 of 132 bytes failed: Only part of a ReadProcessMemory or WriteProcessMemory request was completed. (0x12B)
[0423/155705.340:ERROR:process_memory_win.cc(73)] ReadMemory at 0xc6c8ea9b40 of 132 bytes failed: Only part of a ReadProcessMemory or WriteProcessMemory request was completed. (0x12B)
[0423/155705.340:ERROR:process_memory_win.cc(73)] ReadMemory at 0xc6c8ea9c60 of 132 bytes failed: Only part of a ReadProcessMemory or WriteProcessMemory request was completed. (0x12B)
[0423/155705.340:ERROR:process_memory_win.cc(73)] ReadMemory at 0xc6c8ea9d80 of 132 bytes failed: Only part of a ReadProcessMemory or WriteProcessMemory request was completed. (0x12B)
[0423/155705.340:ERROR:process_memory_win.cc(73)] ReadMemory at 0xc6c8ea9ea0 of 132 bytes failed: Only part of a ReadProcessMemory or WriteProcessMemory request was completed. (0x12B)
[0423/155705.340:ERROR:process_memory_win.cc(73)] ReadMemory at 0xc6c8ea9fc0 of 132 bytes failed: Only part of a ReadProcessMemory or WriteProcessMemory request was completed. (0x12B)
[0423/155705.340:ERROR:process_memory_win.cc(73)] ReadMemory at 0xc6c8eaa0e0 of 132 bytes failed: Only part of a ReadProcessMemory or WriteProcessMemory request was completed. (0x12B)
[0423/155705.340:ERROR:process_memory_win.cc(73)] ReadMemory at 0xc6c8eaa560 of 132 bytes failed: Only part of a ReadProcessMemory or WriteProcessMemory request was completed. (0x12B)
[0423/155705.341:ERROR:process_memory_win.cc(73)] ReadMemory at 0xc6c8eaa8c0 of 132 bytes failed: Only part of a ReadProcessMemory or WriteProcessMemory request was completed. (0x12B)
[0423/155705.341:ERROR:process_memory_win.cc(73)] ReadMemory at 0xc6c8eaa9e0 of 132 bytes failed: Only part of a ReadProcessMemory or WriteProcessMemory request was completed. (0x12B)
[0423/155705.341:ERROR:process_memory_win.cc(73)] ReadMemory at 0xc6c8eaab00 of 132 bytes failed: Only part of a ReadProcessMemory or WriteProcessMemory request was completed. (0x12B)
[0423/155705.341:ERROR:process_memory_win.cc(73)] ReadMemory at 0xc6c8eaac20 of 132 bytes failed: Only part of a ReadProcessMemory or WriteProcessMemory request was completed. (0x12B)
[0423/155705.341:ERROR:process_memory_win.cc(73)] ReadMemory at 0xc6c8eaad40 of 132 bytes failed: Only part of a ReadProcessMemory or WriteProcessMemory request was completed. (0x12B)
[0423/155705.341:ERROR:process_memory_win.cc(73)] ReadMemory at 0xc6c8eaae60 of 132 bytes failed: Only part of a ReadProcessMemory or WriteProcessMemory request was completed. (0x12B)
[0423/155705.341:ERROR:process_memory_win.cc(73)] ReadMemory at 0xc6c8eb0bd0 of 896 bytes failed: Only part of a ReadProcessMemory or WriteProcessMemory request was completed. (0x12B)
[0423/155705.342:ERROR:process_memory_win.cc(73)] ReadMemory at 0xc6c8eb49c0 of 512 bytes failed: Only part of a ReadProcessMemory or WriteProcessMemory request was completed. (0x12B)
[0423/155705.342:ERROR:process_memory_win.cc(73)] ReadMemory at 0xc6c95d0c50 of 512 bytes failed: Only part of a ReadProcessMemory or WriteProcessMemory request was completed. (0x12B)
[0423/155705.342:ERROR:process_memory_win.cc(73)] ReadMemory at 0xc6c95e5e00 of 512 bytes failed: Only part of a ReadProcessMemory or WriteProcessMemory request was completed. (0x12B)
[0423/155705.342:ERROR:process_memory_win.cc(73)] ReadMemory at 0xc6c95f7d80 of 512 bytes failed: Only part of a ReadProcessMemory or WriteProcessMemory request was completed. (0x12B)
[0423/155705.342:ERROR:process_memory_win.cc(73)] ReadMemory at 0xc6c95fe7f0 of 512 bytes failed: Only part of a ReadProcessMemory or WriteProcessMemory request was completed. (0x12B)
[0423/155705.342:ERROR:process_memory_win.cc(73)] ReadMemory at 0xc6c95ff650 of 512 bytes failed: Only part of a ReadProcessMemory or WriteProcessMemory request was completed. (0x12B)
[0423/155705.342:ERROR:process_memory_win.cc(73)] ReadMemory at 0xc6c9602ed0 of 696 bytes failed: Only part of a ReadProcessMemory or WriteProcessMemory request was completed. (0x12B)
[0423/155705.342:ERROR:process_memory_win.cc(73)] ReadMemory at 0xc6c9653dd0 of 512 bytes failed: Only part of a ReadProcessMemory or WriteProcessMemory request was completed. (0x12B)
[0423/155705.343:ERROR:process_memory_win.cc(73)] ReadMemory at 0xc6c9682ed0 of 512 bytes failed: Only part of a ReadProcessMemory or WriteProcessMemory request was completed. (0x12B)
[0423/155705.343:ERROR:process_memory_win.cc(73)] ReadMemory at 0xc6cc21a640 of 512 bytes failed: Only part of a ReadProcessMemory or WriteProcessMemory request was completed. (0x12B)
[0423/155705.343:ERROR:process_memory_win.cc(73)] ReadMemory at 0xc6cc230c20 of 512 bytes failed: Only part of a ReadProcessMemory or WriteProcessMemory request was completed. (0x12B)
[0423/155705.343:ERROR:process_memory_win.cc(73)] ReadMemory at 0xc6cc2696d0 of 512 bytes failed: Only part of a ReadProcessMemory or WriteProcessMemory request was completed. (0x12B)
[0423/155705.343:ERROR:process_memory_win.cc(73)] ReadMemory at 0xc6cc2771a0 of 512 bytes failed: Only part of a ReadProcessMemory or WriteProcessMemory request was completed. (0x12B)
[0423/155705.343:ERROR:process_memory_win.cc(73)] ReadMemory at 0xc6cd04de80 of 512 bytes failed: Only part of a ReadProcessMemory or WriteProcessMemory request was completed. (0x12B)
[0423/155705.343:ERROR:process_memory_win.cc(73)] ReadMemory at 0xc6cd172dd0 of 512 bytes failed: Only part of a ReadProcessMemory or WriteProcessMemory request was completed. (0x12B)
[0423/155705.344:ERROR:process_memory_win.cc(73)] ReadMemory at 0x177b663a321 of 512 bytes failed: Only part of a ReadProcessMemory or WriteProcessMemory request was completed. (0x12B)
[0423/155705.344:ERROR:process_memory_win.cc(73)] ReadMemory at 0x61e7d9beda0 of 513 bytes failed: Only part of a ReadProcessMemory or WriteProcessMemory request was completed. (0x12B)
[0423/155705.344:ERROR:process_memory_win.cc(73)] ReadMemory at 0x359317fa41f8 of 736 bytes failed: Only part of a ReadProcessMemory or WriteProcessMemory request was completed. (0x12B)
[0423/155705.344:ERROR:process_memory_win.cc(73)] ReadMemory at 0x359317fcde81 of 520 bytes failed: Only part of a ReadProcessMemory or WriteProcessMemory request was completed. (0x12B)
[0423/155705.344:ERROR:process_memory_win.cc(73)] ReadMemory at 0x3a969218dc88 of 512 bytes failed: Only part of a ReadProcessMemory or WriteProcessMemory request was completed. (0x12B)
[0423/155705.344:ERROR:process_memory_win.cc(73)] ReadMemory at 0x3a96921adf38 of 512 bytes failed: Only part of a ReadProcessMemory or WriteProcessMemory request was completed. (0x12B)
[0423/155705.344:ERROR:process_memory_win.cc(73)] ReadMemory at 0x3a96921fff80 of 128 bytes failed: Only part of a ReadProcessMemory or WriteProcessMemory request was completed. (0x12B)
[0423/155705.344:ERROR:process_memory_win.cc(73)] ReadMemory at 0x61632b1bdb08 of 513 bytes failed: Only part of a ReadProcessMemory or WriteProcessMemory request was completed. (0x12B)
[0423/155705.345:ERROR:process_memory_win.cc(73)] ReadMemory at 0x6633bf600000 of 384 bytes failed: Only part of a ReadProcessMemory or WriteProcessMemory request was completed. (0x12B)
[0423/155705.345:ERROR:process_memory_win.cc(73)] ReadMemory at 0x6633bf639968 of 512 bytes failed: Only part of a ReadProcessMemory or WriteProcessMemory request was completed. (0x12B)
[0423/155705.345:ERROR:process_memory_win.cc(73)] ReadMemory at 0x6633bf645a61 of 512 bytes failed: Only part of a ReadProcessMemory or WriteProcessMemory request was completed. (0x12B)
[0423/155705.345:ERROR:process_memory_win.cc(73)] ReadMemory at 0x74919a0d72e0 of 560 bytes failed: Only part of a ReadProcessMemory or WriteProcessMemory request was completed. (0x12B)
[0423/155705.345:ERROR:process_memory_win.cc(73)] ReadMemory at 0x74919a0d8531 of 512 bytes failed: Only part of a ReadProcessMemory or WriteProcessMemory request was completed. (0x12B)
[0423/155705.345:ERROR:process_memory_win.cc(73)] ReadMemory at 0x7ff73ed1c000 of 6024 bytes failed: Only part of a ReadProcessMemory or WriteProcessMemory request was completed. (0x12B)
[0423/155705.346:ERROR:process_memory_win.cc(73)] ReadMemory at 0x7ff73ed1e000 of 6024 bytes failed: Only part of a ReadProcessMemory or WriteProcessMemory request was completed. (0x12B)
[0423/155705.346:ERROR:process_memory_win.cc(73)] ReadMemory at 0x7ff73ed20000 of 6024 bytes failed: Only part of a ReadProcessMemory or WriteProcessMemory request was completed. (0x12B)
[0423/155705.346:ERROR:process_memory_win.cc(73)] ReadMemory at 0x7ff73ed22000 of 6024 bytes failed: Only part of a ReadProcessMemory or WriteProcessMemory request was completed. (0x12B)
[0423/155705.346:ERROR:process_memory_win.cc(73)] ReadMemory at 0x7ff73ed24000 of 6024 bytes failed: Only part of a ReadProcessMemory or WriteProcessMemory request was completed. (0x12B)
[0423/155705.346:ERROR:process_memory_win.cc(73)] ReadMemory at 0x7ff73ed26000 of 6024 bytes failed: Only part of a ReadProcessMemory or WriteProcessMemory request was completed. (0x12B)
[0423/155705.563:ERROR:process_memory_win.cc(73)] ReadMemory at 0x7ff73ed28000 of 6024 bytes failed: Only part of a ReadProcessMemory or WriteProcessMemory request was completed. (0x12B)
[0423/155705.563:ERROR:process_memory_win.cc(73)] ReadMemory at 0x7ff73ed2a000 of 6024 bytes failed: Only part of a ReadProcessMemory or WriteProcessMemory request was completed. (0x12B)
[0423/155705.563:ERROR:process_memory_win.cc(73)] ReadMemory at 0x7ff73ed2c000 of 6024 bytes failed: Only part of a ReadProcessMemory or WriteProcessMemory request was completed. (0x12B)
[0423/155705.563:ERROR:process_memory_win.cc(73)] ReadMemory at 0x7ff73ed2e000 of 6024 bytes failed: Only part of a ReadProcessMemory or WriteProcessMemory request was completed. (0x12B)
[0423/155705.564:ERROR:process_memory_win.cc(73)] ReadMemory at 0x7ff73ee53000 of 6024 bytes failed: Only part of a ReadProcessMemory or WriteProcessMemory request was completed. (0x12B)
[0423/155705.564:ERROR:process_memory_win.cc(73)] ReadMemory at 0x7ff73ee55000 of 6024 bytes failed: Only part of a ReadProcessMemory or WriteProcessMemory request was completed. (0x12B)
[0423/155705.564:ERROR:process_memory_win.cc(73)] ReadMemory at 0x7ff73ee57000 of 6024 bytes failed: Only part of a ReadProcessMemory or WriteProcessMemory request was completed. (0x12B)
[0423/155705.564:ERROR:process_memory_win.cc(73)] ReadMemory at 0x7ff73ee59000 of 6024 bytes failed: Only part of a ReadProcessMemory or WriteProcessMemory request was completed. (0x12B)
[0423/155705.564:ERROR:process_memory_win.cc(73)] ReadMemory at 0x7ff73ee5b000 of 6024 bytes failed: Only part of a ReadProcessMemory or WriteProcessMemory request was completed. (0x12B)
[0423/155705.565:ERROR:process_memory_win.cc(73)] ReadMemory at 0x7ff73ee5d000 of 6024 bytes failed: Only part of a ReadProcessMemory or WriteProcessMemory request was completed. (0x12B)
[0423/155705.565:ERROR:process_memory_win.cc(73)] ReadMemory at 0x7ff73ee5f000 of 852 bytes failed: Only part of a ReadProcessMemory or WriteProcessMemory request was completed. (0x12B)
[0423/155705.565:ERROR:process_memory_win.cc(73)] ReadMemory at 0x7ffd30b1f328 of 512 bytes failed: Only part of a ReadProcessMemory or WriteProcessMemory request was completed. (0x12B)
[0423/155705.565:ERROR:process_memory_win.cc(73)] ReadMemory at 0x7ffd30b22b00 of 512 bytes failed: Only part of a ReadProcessMemory or WriteProcessMemory request was completed. (0x12B)
[0423/155705.565:ERROR:process_memory_win.cc(73)] ReadMemory at 0x7ffd30b23cbe of 512 bytes failed: Only part of a ReadProcessMemory or WriteProcessMemory request was completed. (0x12B)
[0423/155705.565:ERROR:process_memory_win.cc(73)] ReadMemory at 0x7ffd4b1be6ee of 512 bytes failed: Only part of a ReadProcessMemory or WriteProcessMemory request was completed. (0x12B)
[0423/155705.565:ERROR:process_memory_win.cc(73)] ReadMemory at 0x7ffd4b1bf823 of 512 bytes failed: Only part of a ReadProcessMemory or WriteProcessMemory request was completed. (0x12B)
[0423/155705.565:ERROR:process_memory_win.cc(73)] ReadMemory at 0x7ffd5ae80fb0 of 512 bytes failed: Only part of a ReadProcessMemory or WriteProcessMemory request was completed. (0x12B)
[0423/155705.566:ERROR:process_memory_win.cc(73)] ReadMemory at 0x7ffd5d6395e0 of 18 bytes failed: Only part of a ReadProcessMemory or WriteProcessMemory request was completed. (0x12B)
[0423/155705.566:ERROR:process_memory_win.cc(73)] ReadMemory at 0x7ffd5d64c4f0 of 512 bytes failed: Only part of a ReadProcessMemory or WriteProcessMemory request was completed. (0x12B)
[0423/155705.566:ERROR:process_memory_win.cc(73)] ReadMemory at 0x7ffd5d66acd0 of 512 bytes failed: Only part of a ReadProcessMemory or WriteProcessMemory request was completed. (0x12B)
[0423/155705.566:ERROR:process_memory_win.cc(73)] ReadMemory at 0x7ffd5d66b5f0 of 512 bytes failed: Only part of a ReadProcessMemory or WriteProcessMemory request was completed. (0x12B)
[0423/155705.566:ERROR:process_memory_win.cc(73)] ReadMemory at 0x7ffd5d6c071a of 592 bytes failed: Only part of a ReadProcessMemory or WriteProcessMemory request was completed. (0x12B)
[0423/155705.566:ERROR:process_memory_win.cc(73)] ReadMemory at 0x7ffd5d6c219a of 560 bytes failed: Only part of a ReadProcessMemory or WriteProcessMemory request was completed. (0x12B)
[0423/155705.567:ERROR:process_memory_win.cc(73)] ReadMemory at 0x7ffd5d75e8a8 of 40 bytes failed: Only part of a ReadProcessMemory or WriteProcessMemory request was completed. (0x12B)
[0423/155705.567:ERROR:process_memory_win.cc(73)] ReadMemory at 0x7ffd5d75ebe0 of 48 bytes failed: Only part of a ReadProcessMemory or WriteProcessMemory request was completed. (0x12B)
[0423/155705.567:ERROR:process_memory_win.cc(73)] ReadMemory at 0x7ffd5d761320 of 64 bytes failed: Only part of a ReadProcessMemory or WriteProcessMemory request was completed. (0x12B)
[0423/155705.663:ERROR:scoped_process_suspend.cc(40)] NtResumeProcess: An attempt was made to access an exiting process. (0xc000010a)
